<?xml version="1.0" encoding="UTF-8"?>
<!-- Generated by org.testng.reporters.JUnitReportReporter -->
<testsuite hostname="Abi" failures="0" tests="1" name="com.testcases.CallWrapper" time="18.759" errors="1" timestamp="2020-04-23T09:25:38 MST" skipped="0">
  <testcase classname="com.testcases.CallWrapper" name="loginlinkedin" time="18.759">
    <error message="session not created
from chrome not reachable
  (Session info: chrome=81.0.4044.122)
Build info: version: &#039;3.141.59&#039;, revision: &#039;e82be7d358&#039;, time: &#039;2018-11-14T08:17:03&#039;
System info: host: &#039;ABI&#039;, ip: &#039;192.168.56.1&#039;, os.name: &#039;Windows 10&#039;, os.arch: &#039;amd64&#039;, os.version: &#039;10.0&#039;, java.version: &#039;12.0.2&#039;
Driver info: driver.version: ChromeDriver
remote stacktrace: Backtrace:
	Ordinal0 [0x00C40C83+1707139]
	Ordinal0 [0x00BA68F1+1075441]
	Ordinal0 [0x00B1DE72+515698]
	Ordinal0 [0x00B17CA8+490664]
	Ordinal0 [0x00B1839B+492443]
	Ordinal0 [0x00B192F5+496373]
	Ordinal0 [0x00B14F05+478981]
	Ordinal0 [0x00B1ECA0+519328]
	Ordinal0 [0x00ACCA67+182887]
	Ordinal0 [0x00ACBDDD+179677]
	Ordinal0 [0x00AC9D4B+171339]
	Ordinal0 [0x00AB1D4A+73034]
	Ordinal0 [0x00AB2DC0+77248]
	Ordinal0 [0x00AB2D59+77145]
	Ordinal0 [0x00BBBB67+1162087]
	GetHandleVerifier [0x00CDA966+508998]
	GetHandleVerifier [0x00CDA6A4+508292]
	GetHandleVerifier [0x00CEF7B7+594583]
	GetHandleVerifier [0x00CDB1D6+511158]
	Ordinal0 [0x00BB402C+1130540]
	Ordinal0 [0x00BBD4CB+1168587]
	Ordinal0 [0x00BBD633+1168947]
	Ordinal0 [0x00BD5B35+1268533]
	BaseThreadInitThunk [0x76406359+25]
	RtlGetAppContainerNamedObjectPath [0x778D7C14+228]
	RtlGetAppContainerNamedObjectPath [0x778D7BE4+180]
" type="org.openqa.selenium.SessionNotCreatedException">
      <![CDATA[org.openqa.selenium.SessionNotCreatedException: session not created
from chrome not reachable
  (Session info: chrome=81.0.4044.122)
Build info: version: '3.141.59', revision: 'e82be7d358', time: '2018-11-14T08:17:03'
System info: host: 'ABI', ip: '192.168.56.1', os.name: 'Windows 10', os.arch: 'amd64', os.version: '10.0', java.version: '12.0.2'
Driver info: driver.version: ChromeDriver
remote stacktrace: Backtrace:
Ordinal0 [0x00C40C83+1707139]
Ordinal0 [0x00BA68F1+1075441]
Ordinal0 [0x00B1DE72+515698]
Ordinal0 [0x00B17CA8+490664]
Ordinal0 [0x00B1839B+492443]
Ordinal0 [0x00B192F5+496373]
Ordinal0 [0x00B14F05+478981]
Ordinal0 [0x00B1ECA0+519328]
Ordinal0 [0x00ACCA67+182887]
Ordinal0 [0x00ACBDDD+179677]
Ordinal0 [0x00AC9D4B+171339]
Ordinal0 [0x00AB1D4A+73034]
Ordinal0 [0x00AB2DC0+77248]
Ordinal0 [0x00AB2D59+77145]
Ordinal0 [0x00BBBB67+1162087]
GetHandleVerifier [0x00CDA966+508998]
GetHandleVerifier [0x00CDA6A4+508292]
GetHandleVerifier [0x00CEF7B7+594583]
GetHandleVerifier [0x00CDB1D6+511158]
Ordinal0 [0x00BB402C+1130540]
Ordinal0 [0x00BBD4CB+1168587]
Ordinal0 [0x00BBD633+1168947]
Ordinal0 [0x00BD5B35+1268533]
BaseThreadInitThunk [0x76406359+25]
RtlGetAppContainerNamedObjectPath [0x778D7C14+228]
RtlGetAppContainerNamedObjectPath [0x778D7BE4+180]

at java.base/jdk.internal.reflect.NativeConstructorAccessorImpl.newInstance0(Native Method)
at java.base/jdk.internal.reflect.NativeConstructorAccessorImpl.newInstance(NativeConstructorAccessorImpl.java:62)
at java.base/jdk.internal.reflect.DelegatingConstructorAccessorImpl.newInstance(DelegatingConstructorAccessorImpl.java:45)
at java.base/java.lang.reflect.Constructor.newInstanceWithCaller(Constructor.java:500)
at java.base/java.lang.reflect.Constructor.newInstance(Constructor.java:481)
at org.openqa.selenium.remote.W3CHandshakeResponse.lambda$errorHandler$0(W3CHandshakeResponse.java:62)
at org.openqa.selenium.remote.HandshakeResponse.lambda$getResponseFunction$0(HandshakeResponse.java:30)
at org.openqa.selenium.remote.ProtocolHandshake.lambda$createSession$0(ProtocolHandshake.java:126)
at java.base/java.util.stream.ReferencePipeline$3$1.accept(ReferencePipeline.java:195)
at java.base/java.util.Spliterators$ArraySpliterator.tryAdvance(Spliterators.java:958)
at java.base/java.util.stream.ReferencePipeline.forEachWithCancel(ReferencePipeline.java:127)
at java.base/java.util.stream.AbstractPipeline.copyIntoWithCancel(AbstractPipeline.java:502)
at java.base/java.util.stream.AbstractPipeline.copyInto(AbstractPipeline.java:488)
at java.base/java.util.stream.AbstractPipeline.wrapAndCopyInto(AbstractPipeline.java:474)
at java.base/java.util.stream.FindOps$FindOp.evaluateSequential(FindOps.java:150)
at java.base/java.util.stream.AbstractPipeline.evaluate(AbstractPipeline.java:234)
at java.base/java.util.stream.ReferencePipeline.findFirst(ReferencePipeline.java:543)
at org.openqa.selenium.remote.ProtocolHandshake.createSession(ProtocolHandshake.java:128)
at org.openqa.selenium.remote.ProtocolHandshake.createSession(ProtocolHandshake.java:74)
at org.openqa.selenium.remote.HttpCommandExecutor.execute(HttpCommandExecutor.java:136)
at org.openqa.selenium.remote.service.DriverCommandExecutor.execute(DriverCommandExecutor.java:83)
at org.openqa.selenium.remote.RemoteWebDriver.execute(RemoteWebDriver.java:552)
at org.openqa.selenium.remote.RemoteWebDriver.startSession(RemoteWebDriver.java:213)
at org.openqa.selenium.remote.RemoteWebDriver.<init>(RemoteWebDriver.java:131)
at org.openqa.selenium.chrome.ChromeDriver.<init>(ChromeDriver.java:181)
at org.openqa.selenium.chrome.ChromeDriver.<init>(ChromeDriver.java:168)
at org.openqa.selenium.chrome.ChromeDriver.<init>(ChromeDriver.java:123)
at com.testcases.WrapperClass.Setup(WrapperClass.java:30)
at com.testcases.WrapperClass.getDataFromExcel(WrapperClass.java:58)
at com.testcases.CallWrapper.loginlinkedin(CallWrapper.java:13)
at java.base/jdk.internal.reflect.NativeMethodAccessorImpl.invoke0(Native Method)
at java.base/jdk.internal.reflect.NativeMethodAccessorImpl.invoke(NativeMethodAccessorImpl.java:62)
at java.base/jdk.internal.reflect.DelegatingMethodAccessorImpl.invoke(DelegatingMethodAccessorImpl.java:43)
at java.base/java.lang.reflect.Method.invoke(Method.java:567)
at org.testng.internal.MethodInvocationHelper.invokeMethod(MethodInvocationHelper.java:134)
at org.testng.internal.TestInvoker.invokeMethod(TestInvoker.java:597)
at org.testng.internal.TestInvoker.invokeTestMethod(TestInvoker.java:173)
at org.testng.internal.MethodRunner.runInSequence(MethodRunner.java:46)
at org.testng.internal.TestInvoker$MethodInvocationAgent.invoke(TestInvoker.java:816)
at org.testng.internal.TestInvoker.invokeTestMethods(TestInvoker.java:146)
at org.testng.internal.TestMethodWorker.invokeTestMethods(TestMethodWorker.java:146)
at org.testng.internal.TestMethodWorker.run(TestMethodWorker.java:128)
at java.base/java.util.ArrayList.forEach(ArrayList.java:1540)
at org.testng.TestRunner.privateRun(TestRunner.java:766)
at org.testng.TestRunner.run(TestRunner.java:587)
at org.testng.SuiteRunner.runTest(SuiteRunner.java:384)
at org.testng.SuiteRunner.runSequentially(SuiteRunner.java:378)
at org.testng.SuiteRunner.privateRun(SuiteRunner.java:337)
at org.testng.SuiteRunner.run(SuiteRunner.java:286)
at org.testng.SuiteRunnerWorker.runSuite(SuiteRunnerWorker.java:53)
at org.testng.SuiteRunnerWorker.run(SuiteRunnerWorker.java:96)
at org.testng.TestNG.runSuitesSequentially(TestNG.java:1187)
at org.testng.TestNG.runSuitesLocally(TestNG.java:1109)
at org.testng.TestNG.runSuites(TestNG.java:1039)
at org.testng.TestNG.run(TestNG.java:1007)
at org.testng.remote.AbstractRemoteTestNG.run(AbstractRemoteTestNG.java:115)
at org.testng.remote.RemoteTestNG.initAndRun(RemoteTestNG.java:251)
at org.testng.remote.RemoteTestNG.main(RemoteTestNG.java:77)
]]>
    </error>
  </testcase> <!-- loginlinkedin -->
  <system-out/>
</testsuite> <!-- com.testcases.CallWrapper -->
